app/build/outputs/logs/manifest-merger-debug-report.txt
-- Merging decision tree log ---
manifest
ADDED from src\main\AndroidManifest.xml:2:1-41:12
INJECTED from src\main\AndroidManifest.xml:2:1-41:12
INJECTED from src\main\AndroidManifest.xml:2:1-41:12
INJECTED from src\main\AndroidManifest.xml:2:1-41:12
MERGED from [com.android.support:appcompat-v7:20.0.0] AndroidManifest.xml:15:1-18:12
MERGED from [com.android.support:support-v4:20.0.0] AndroidManifest.xml:15:1-18:12
INJECTED from src\main\AndroidManifest.xml:2:1-41:12
INJECTED from src\main\AndroidManifest.xml:2:1-41:12
INJECTED from src\main\AndroidManifest.xml:2:1-41:12
	package
		ADDED from src\main\AndroidManifest.xml:3:5-27
		INJECTED from src\main\AndroidManifest.xml
		INJECTED from src\main\AndroidManifest.xml
	android:versionName
		ADDED from src\main\AndroidManifest.xml:5:5-30
		INJECTED from src\main\AndroidManifest.xml
		INJECTED from src\main\AndroidManifest.xml
	xmlns:android
		ADDED from src\main\AndroidManifest.xml:2:11-69
	android:versionCode
		ADDED from src\main\AndroidManifest.xml:4:5-28
		INJECTED from src\main\AndroidManifest.xml
		INJECTED from src\main\AndroidManifest.xml
uses-sdk
ADDED from src\main\AndroidManifest.xml:7:5-9:41
INJECTED from src\main\AndroidManifest.xml:7:5-9:41
INJECTED from src\main\AndroidManifest.xml:7:5-9:41
MERGED from [com.android.support:appcompat-v7:20.0.0] AndroidManifest.xml:16:5-42
MERGED from [com.android.support:appcompat-v7:20.0.0] AndroidManifest.xml:16:5-42
MERGED from [com.android.support:support-v4:20.0.0] AndroidManifest.xml:16:5-42
MERGED from [com.android.support:support-v4:20.0.0] AndroidManifest.xml:16:5-42
INJECTED from src\main\AndroidManifest.xml:7:5-9:41
INJECTED from src\main\AndroidManifest.xml:7:5-9:41
	android:targetSdkVersion
		ADDED from src\main\AndroidManifest.xml:9:9-38
		INJECTED from src\main\AndroidManifest.xml
		INJECTED from src\main\AndroidManifest.xml
	android:minSdkVersion
		ADDED from src\main\AndroidManifest.xml:8:9-34
		INJECTED from src\main\AndroidManifest.xml
		INJECTED from src\main\AndroidManifest.xml
uses-permission#android.permission.READ_EXTERNAL_STORAGE
ADDED from src\main\AndroidManifest.xml:11:5-80
	android:name
		ADDED from src\main\AndroidManifest.xml:11:22-77
uses-permission#android.permission.WRITE_EXTERNAL_STORAGE
ADDED from src\main\AndroidManifest.xml:12:5-81
	android:name
		ADDED from src\main\AndroidManifest.xml:12:22-78
application
ADDED from src\main\AndroidManifest.xml:14:5-39:19
MERGED from [com.android.support:appcompat-v7:20.0.0] AndroidManifest.xml:17:5-19
MERGED from [com.android.support:appcompat-v7:20.0.0] AndroidManifest.xml:17:5-19
MERGED from [com.android.support:support-v4:20.0.0] AndroidManifest.xml:17:5-19
MERGED from [com.android.support:support-v4:20.0.0] AndroidManifest.xml:17:5-19
	android:label
		ADDED from src\main\AndroidManifest.xml:17:9-41
	android:icon
		ADDED from src\main\AndroidManifest.xml:16:9-45
	android:allowBackup
		ADDED from src\main\AndroidManifest.xml:15:9-35
	android:theme
		ADDED from src\main\AndroidManifest.xml:18:9-40
activity#com.lzf.memo.MainActivity
ADDED from src\main\AndroidManifest.xml:19:9-28:20
	android:label
		ADDED from src\main\AndroidManifest.xml:21:13-45
	android:theme
		ADDED from src\main\AndroidManifest.xml:22:13-66
	android:name
		ADDED from src\main\AndroidManifest.xml:20:13-41
intent-filter#android.intent.action.MAIN+android.intent.category.LAUNCHER
ADDED from src\main\AndroidManifest.xml:23:13-27:29
action#android.intent.action.MAIN
ADDED from src\main\AndroidManifest.xml:24:17-69
	android:name
		ADDED from src\main\AndroidManifest.xml:24:25-66
category#android.intent.category.LAUNCHER
ADDED from src\main\AndroidManifest.xml:26:17-77
	android:name
		ADDED from src\main\AndroidManifest.xml:26:27-74
activity#com.lzf.memo.AddModifyActivity
ADDED from src\main\AndroidManifest.xml:29:9-38:20
	android:label
		ADDED from src\main\AndroidManifest.xml:31:13-45
	android:theme
		ADDED from src\main\AndroidManifest.xml:32:13-66
	android:name
		ADDED from src\main\AndroidManifest.xml:30:13-46
intent-filter#android.intent.category.DEFAULT+com.lzf.memo.AddModifyActivity
ADDED from src\main\AndroidManifest.xml:33:13-37:29
action#com.lzf.memo.AddModifyActivity
ADDED from src\main\AndroidManifest.xml:34:17-73
	android:name
		ADDED from src\main\AndroidManifest.xml:34:25-70
category#android.intent.category.DEFAULT
ADDED from src\main\AndroidManifest.xml:36:17-76
	android:name
		ADDED from src\main\AndroidManifest.xml:36:27-73